
404 error at 04-07-2015 15:47:12: http://127.0.0.1:5000/users/js/rrssb.min.js
404 error at 04-07-2015 15:47:12: http://127.0.0.1:5000/users/css/rrssb.css
404 error at 04-07-2015 15:47:12: http://127.0.0.1:5000/users/js/rrssb.min.js
404 error at 04-07-2015 15:48:30: http://127.0.0.1:5000/users/css/rrssb.css
404 error at 04-07-2015 15:48:30: http://127.0.0.1:5000/users/js/rrssb.min.js
404 error at 04-07-2015 15:48:31: http://127.0.0.1:5000/users/js/rrssb.min.js
404 error at 04-07-2015 15:49:32: http://127.0.0.1:5000/users/css/rrssb.css
404 error at 04-07-2015 15:49:32: http://127.0.0.1:5000/users/js/rrssb.min.js
404 error at 04-07-2015 15:56:49: http://127.0.0.1:5000/users/css/rrssb.css
404 error at 04-07-2015 15:56:49: http://127.0.0.1:5000/users/js/rrssb.min.js
404 error at 04-07-2015 15:56:50: http://127.0.0.1:5000/users/js/rrssb.min.js
404 error at 04-07-2015 16:01:09: http://127.0.0.1:5000/users/css/rrssb.css
404 error at 04-07-2015 16:01:09: http://127.0.0.1:5000/users/js/rrssb.min.js
404 error at 04-07-2015 16:01:12: http://127.0.0.1:5000/users/css/rrssb.css
404 error at 04-07-2015 16:01:12: http://127.0.0.1:5000/users/js/rrssb.min.js
404 error at 04-07-2015 16:01:13: http://127.0.0.1:5000/users/js/rrssb.min.js
404 error at 04-07-2015 16:01:57: http://127.0.0.1:5000/users/css/rrssb.css
404 error at 04-07-2015 16:01:57: http://127.0.0.1:5000/users/js/rrssb.min.js
404 error at 04-07-2015 16:01:58: http://127.0.0.1:5000/users/js/rrssb.min.js
404 error at 04-07-2015 16:03:50: http://127.0.0.1:5000/users/css/rrssb.css
404 error at 04-07-2015 16:03:50: http://127.0.0.1:5000/users/js/rrssb.min.js
404 error at 04-07-2015 16:03:56: http://127.0.0.1:5000/users/js/rrssb.min.js
404 error at 04-07-2015 16:13:59: http://127.0.0.1:5000/users/css/rrssb.css
404 error at 04-07-2015 16:13:59: http://127.0.0.1:5000/users/js/rrssb.min.js
404 error at 04-07-2015 16:13:59: http://127.0.0.1:5000/users/js/rrssb.min.js
404 error at 04-07-2015 17:59:22: http://127.0.0.1:5000/users/css/rrssb.css
404 error at 04-07-2015 17:59:22: http://127.0.0.1:5000/users/js/rrssb.min.js
404 error at 04-07-2015 17:59:22: http://127.0.0.1:5000/users/js/rrssb.min.js
505 error at 04-07-2015 17:59:37: http://127.0.0.1:5000/users/
404 error at 04-07-2015 17:59:37: http://127.0.0.1:5000/users/css/rrssb.css
404 error at 04-07-2015 17:59:37: http://127.0.0.1:5000/users/js/rrssb.min.js
404 error at 04-07-2015 17:59:38: http://127.0.0.1:5000/users/js/rrssb.min.js
404 error at 04-07-2015 17:59:39: http://127.0.0.1:5000/users/css/rrssb.css
404 error at 04-07-2015 17:59:39: http://127.0.0.1:5000/users/js/rrssb.min.js
404 error at 04-07-2015 17:59:39: http://127.0.0.1:5000/users/js/rrssb.min.js
404 error at 04-07-2015 18:00:06: http://127.0.0.1:5000/users/css/rrssb.css
404 error at 04-07-2015 18:00:06: http://127.0.0.1:5000/users/js/rrssb.min.js
404 error at 04-07-2015 18:00:06: http://127.0.0.1:5000/users/js/rrssb.min.js
505 error at 04-07-2015 18:00:15: http://127.0.0.1:5000/users/
404 error at 04-07-2015 18:00:15: http://127.0.0.1:5000/users/css/rrssb.css
404 error at 04-07-2015 18:00:15: http://127.0.0.1:5000/users/js/rrssb.min.js
404 error at 04-07-2015 18:00:15: http://127.0.0.1:5000/users/js/rrssb.min.js
404 error at 04-07-2015 18:00:18: http://127.0.0.1:5000/users/css/rrssb.css
404 error at 04-07-2015 18:00:18: http://127.0.0.1:5000/users/js/rrssb.min.js
404 error at 04-07-2015 18:00:18: http://127.0.0.1:5000/users/js/rrssb.min.js
404 error at 04-07-2015 18:01:07: http://127.0.0.1:5000/users/css/rrssb.css
404 error at 04-07-2015 18:01:07: http://127.0.0.1:5000/users/js/rrssb.min.js
404 error at 04-07-2015 18:01:07: http://127.0.0.1:5000/users/js/rrssb.min.js
505 error at 04-07-2015 18:01:13: http://127.0.0.1:5000/users/
404 error at 04-07-2015 18:01:13: http://127.0.0.1:5000/users/css/rrssb.css
404 error at 04-07-2015 18:01:13: http://127.0.0.1:5000/users/js/rrssb.min.js
404 error at 04-07-2015 18:01:13: http://127.0.0.1:5000/users/js/rrssb.min.js
404 error at 04-07-2015 18:01:17: http://127.0.0.1:5000/users/css/rrssb.css
404 error at 04-07-2015 18:01:17: http://127.0.0.1:5000/users/js/rrssb.min.js
404 error at 04-07-2015 18:01:18: http://127.0.0.1:5000/users/js/rrssb.min.js
505 error at 04-07-2015 18:05:17: http://127.0.0.1:5000/users/
404 error at 04-07-2015 18:05:18: http://127.0.0.1:5000/users/css/rrssb.css
404 error at 04-07-2015 18:05:20: http://127.0.0.1:5000/users/js/rrssb.min.js
404 error at 04-07-2015 18:05:20: http://127.0.0.1:5000/users/css/rrssb.css
404 error at 04-07-2015 18:05:20: http://127.0.0.1:5000/users/js/rrssb.min.js
404 error at 04-07-2015 19:21:19: http://127.0.0.1:5000/users/css/rrssb.css
404 error at 04-07-2015 19:21:19: http://127.0.0.1:5000/users/js/rrssb.min.js
404 error at 04-07-2015 19:21:32: http://127.0.0.1:5000/tasks/tasks/css/rrssb.css
404 error at 04-07-2015 19:21:32: http://127.0.0.1:5000/tasks/tasks/js/rrssb.min.js
404 error at 04-07-2015 19:21:32: http://127.0.0.1:5000/tasks/tasks/js/rrssb.min.js
404 error at 04-07-2015 19:21:46: http://127.0.0.1:5000/users/css/rrssb.css
404 error at 04-07-2015 19:21:46: http://127.0.0.1:5000/users/js/rrssb.min.js
404 error at 05-07-2015 08:34:19: http://localhost/tasks/
404 error at 05-07-2015 08:34:24: http://localhost/this-route-does-not-exist
404 error at 05-07-2015 08:34:26: http://localhost/register/
404 error at 05-07-2015 08:34:26: http://localhost/register/
404 error at 05-07-2015 08:34:28: http://localhost/register/
404 error at 05-07-2015 08:34:28: http://localhost/register/
404 error at 05-07-2015 08:34:29: http://localhost/register/
404 error at 05-07-2015 08:34:29: http://localhost/logout/
404 error at 05-07-2015 08:34:29: http://localhost/logout/
404 error at 05-07-2015 08:34:30: http://localhost/register/
404 error at 05-07-2015 08:34:30: http://localhost/register/
404 error at 05-07-2015 08:34:31: http://localhost/register/
404 error at 05-07-2015 08:34:31: http://localhost/register/
404 error at 05-07-2015 08:34:31: http://localhost/register/
404 error at 05-07-2015 08:34:31: http://localhost/register/
404 error at 05-07-2015 08:34:31: http://localhost/register/
404 error at 05-07-2015 08:41:27: http://localhost/tasks/
404 error at 05-07-2015 08:41:27: http://localhost/add/
404 error at 05-07-2015 08:41:27: http://localhost/logout/
404 error at 05-07-2015 08:41:28: http://localhost/tasks/
404 error at 05-07-2015 08:41:28: http://localhost/complete/1/
404 error at 05-07-2015 08:41:29: http://localhost/tasks/
404 error at 05-07-2015 08:41:29: http://localhost/add/
404 error at 05-07-2015 08:41:29: http://localhost/logout/
404 error at 05-07-2015 08:41:29: http://localhost/tasks/
404 error at 05-07-2015 08:41:29: http://localhost/delete/1/
404 error at 05-07-2015 08:41:30: http://localhost/add/
404 error at 05-07-2015 08:41:30: http://localhost/logout/
404 error at 05-07-2015 08:41:31: http://localhost/add/
404 error at 05-07-2015 08:41:32: http://localhost/tasks/
404 error at 05-07-2015 08:41:35: http://localhost/tasks/
404 error at 05-07-2015 08:41:35: http://localhost/add/
404 error at 05-07-2015 08:41:36: http://localhost/tasks/
404 error at 05-07-2015 08:41:36: http://localhost/add/
404 error at 05-07-2015 08:41:36: http://localhost/complete/1/
404 error at 05-07-2015 08:41:36: http://localhost/tasks/
404 error at 05-07-2015 08:41:36: http://localhost/add/
404 error at 05-07-2015 08:41:36: http://localhost/delete/1/
404 error at 05-07-2015 08:41:38: http://localhost/add/
404 error at 05-07-2015 08:41:38: http://localhost/logout/
404 error at 05-07-2015 08:41:38: http://localhost/add/
404 error at 05-07-2015 08:41:39: http://localhost/tasks/
404 error at 05-07-2015 08:41:39: http://localhost/add/
404 error at 05-07-2015 08:41:40: http://localhost/tasks/
404 error at 05-07-2015 08:41:40: http://localhost/add/
404 error at 05-07-2015 08:41:40: http://localhost/logout/
404 error at 05-07-2015 08:41:41: http://localhost/tasks/
404 error at 05-07-2015 08:41:41: http://localhost/complete/1/
404 error at 05-07-2015 08:41:42: http://localhost/tasks/
404 error at 05-07-2015 08:41:42: http://localhost/add/
404 error at 05-07-2015 08:41:42: http://localhost/logout/
404 error at 05-07-2015 08:41:42: http://localhost/tasks/
404 error at 05-07-2015 08:41:42: http://localhost/delete/1/
404 error at 05-07-2015 08:41:43: http://localhost/add/
404 error at 05-07-2015 08:41:43: http://localhost/logout/
404 error at 05-07-2015 08:41:44: http://localhost/this-route-does-not-exist
404 error at 05-07-2015 08:41:46: http://localhost/register/
404 error at 05-07-2015 08:41:46: http://localhost/register/
404 error at 05-07-2015 08:41:47: http://localhost/register/
404 error at 05-07-2015 08:41:47: http://localhost/register/
404 error at 05-07-2015 08:41:47: http://localhost/register/
404 error at 05-07-2015 08:41:47: http://localhost/logout/
404 error at 05-07-2015 08:41:48: http://localhost/logout/
404 error at 05-07-2015 08:41:49: http://localhost/register/
404 error at 05-07-2015 08:41:49: http://localhost/register/
404 error at 05-07-2015 08:41:50: http://localhost/register/
404 error at 05-07-2015 08:41:50: http://localhost/register/
404 error at 05-07-2015 08:41:50: http://localhost/register/
404 error at 05-07-2015 08:41:50: http://localhost/register/
404 error at 05-07-2015 08:41:50: http://localhost/register/
404 error at 05-07-2015 08:50:25: http://localhost/tasks/
404 error at 05-07-2015 08:50:25: http://localhost/add/
404 error at 05-07-2015 08:50:25: http://localhost/logout/
404 error at 05-07-2015 08:50:25: http://localhost/tasks/
404 error at 05-07-2015 08:50:25: http://localhost/complete/1/
404 error at 05-07-2015 08:50:26: http://localhost/tasks/
404 error at 05-07-2015 08:50:26: http://localhost/add/
404 error at 05-07-2015 08:50:26: http://localhost/logout/
404 error at 05-07-2015 08:50:27: http://localhost/tasks/
404 error at 05-07-2015 08:50:27: http://localhost/delete/1/
404 error at 05-07-2015 08:50:28: http://localhost/add/
404 error at 05-07-2015 08:50:28: http://localhost/logout/
404 error at 05-07-2015 08:50:29: http://localhost/add/
404 error at 05-07-2015 08:50:30: http://localhost/tasks/
404 error at 05-07-2015 08:50:32: http://localhost/tasks/
404 error at 05-07-2015 08:50:32: http://localhost/add/
404 error at 05-07-2015 08:50:33: http://localhost/tasks/
404 error at 05-07-2015 08:50:33: http://localhost/add/
404 error at 05-07-2015 08:50:33: http://localhost/complete/1/
404 error at 05-07-2015 08:50:34: http://localhost/tasks/
404 error at 05-07-2015 08:50:34: http://localhost/add/
404 error at 05-07-2015 08:50:34: http://localhost/delete/1/
404 error at 05-07-2015 08:50:35: http://localhost/add/
404 error at 05-07-2015 08:50:35: http://localhost/logout/
404 error at 05-07-2015 08:50:36: http://localhost/add/
404 error at 05-07-2015 08:50:37: http://localhost/tasks/
404 error at 05-07-2015 08:50:37: http://localhost/add/
404 error at 05-07-2015 08:50:38: http://localhost/tasks/
404 error at 05-07-2015 08:50:38: http://localhost/add/
404 error at 05-07-2015 08:50:38: http://localhost/logout/
404 error at 05-07-2015 08:50:38: http://localhost/tasks/
404 error at 05-07-2015 08:50:38: http://localhost/complete/1/
404 error at 05-07-2015 08:50:39: http://localhost/tasks/
404 error at 05-07-2015 08:50:39: http://localhost/add/
404 error at 05-07-2015 08:50:39: http://localhost/logout/
404 error at 05-07-2015 08:50:40: http://localhost/tasks/
404 error at 05-07-2015 08:50:40: http://localhost/delete/1/
404 error at 05-07-2015 08:50:41: http://localhost/add/
404 error at 05-07-2015 08:50:41: http://localhost/logout/
404 error at 05-07-2015 08:56:31: http://localhost/tasks/
404 error at 05-07-2015 08:56:31: http://localhost/add/
404 error at 05-07-2015 08:56:31: http://localhost/logout/
404 error at 05-07-2015 08:56:32: http://localhost/tasks/
404 error at 05-07-2015 08:56:32: http://localhost/complete/1/
404 error at 05-07-2015 08:56:33: http://localhost/tasks/
404 error at 05-07-2015 08:56:33: http://localhost/add/
404 error at 05-07-2015 08:56:33: http://localhost/logout/
404 error at 05-07-2015 08:56:33: http://localhost/tasks/
404 error at 05-07-2015 08:56:33: http://localhost/delete/1/
404 error at 05-07-2015 08:56:34: http://localhost/add/
404 error at 05-07-2015 08:56:34: http://localhost/logout/
404 error at 05-07-2015 08:56:35: http://localhost/add/
404 error at 05-07-2015 08:56:36: http://localhost/tasks/
404 error at 05-07-2015 08:56:39: http://localhost/tasks/
404 error at 05-07-2015 08:56:39: http://localhost/add/
404 error at 05-07-2015 08:56:40: http://localhost/tasks/
404 error at 05-07-2015 08:56:40: http://localhost/add/
404 error at 05-07-2015 08:56:40: http://localhost/complete/1/
404 error at 05-07-2015 08:56:41: http://localhost/tasks/
404 error at 05-07-2015 08:56:41: http://localhost/add/
404 error at 05-07-2015 08:56:41: http://localhost/delete/1/
404 error at 05-07-2015 08:56:42: http://localhost/add/
404 error at 05-07-2015 08:56:42: http://localhost/logout/
404 error at 05-07-2015 08:56:42: http://localhost/add/
404 error at 05-07-2015 08:56:43: http://localhost/tasks/
404 error at 05-07-2015 08:56:43: http://localhost/add/
404 error at 05-07-2015 08:56:44: http://localhost/tasks/
404 error at 05-07-2015 08:56:44: http://localhost/add/
404 error at 05-07-2015 08:56:44: http://localhost/logout/
404 error at 05-07-2015 08:56:45: http://localhost/tasks/
404 error at 05-07-2015 08:56:45: http://localhost/complete/1/
404 error at 05-07-2015 08:56:46: http://localhost/tasks/
404 error at 05-07-2015 08:56:46: http://localhost/add/
404 error at 05-07-2015 08:56:46: http://localhost/logout/
404 error at 05-07-2015 08:56:46: http://localhost/tasks/
404 error at 05-07-2015 08:56:46: http://localhost/delete/1/
404 error at 05-07-2015 08:56:47: http://localhost/add/
404 error at 05-07-2015 08:56:48: http://localhost/logout/
404 error at 05-07-2015 08:58:12: http://localhost/tasks/
404 error at 05-07-2015 08:58:12: http://localhost/add/
404 error at 05-07-2015 08:58:12: http://localhost/logout/
404 error at 05-07-2015 08:58:13: http://localhost/tasks/
404 error at 05-07-2015 08:58:13: http://localhost/complete/1/
404 error at 05-07-2015 08:58:14: http://localhost/tasks/
404 error at 05-07-2015 08:58:14: http://localhost/add/
404 error at 05-07-2015 08:58:14: http://localhost/logout/
404 error at 05-07-2015 08:58:15: http://localhost/tasks/
404 error at 05-07-2015 08:58:15: http://localhost/delete/1/
404 error at 05-07-2015 08:58:16: http://localhost/add/
404 error at 05-07-2015 08:58:16: http://localhost/logout/
404 error at 05-07-2015 08:58:16: http://localhost/add/
404 error at 05-07-2015 08:58:18: http://localhost/tasks/
404 error at 05-07-2015 08:58:20: http://localhost/tasks/
404 error at 05-07-2015 08:58:20: http://localhost/add/
404 error at 05-07-2015 08:58:21: http://localhost/tasks/
404 error at 05-07-2015 08:58:21: http://localhost/add/
404 error at 05-07-2015 08:58:21: http://localhost/complete/1/
404 error at 05-07-2015 08:58:22: http://localhost/tasks/
404 error at 05-07-2015 08:58:22: http://localhost/add/
404 error at 05-07-2015 08:58:22: http://localhost/delete/1/
404 error at 05-07-2015 08:58:23: http://localhost/add/
404 error at 05-07-2015 08:58:23: http://localhost/logout/
404 error at 05-07-2015 08:58:24: http://localhost/add/
404 error at 05-07-2015 08:58:25: http://localhost/tasks/
404 error at 05-07-2015 08:58:25: http://localhost/add/
404 error at 05-07-2015 08:58:26: http://localhost/tasks/
404 error at 05-07-2015 08:58:26: http://localhost/add/
404 error at 05-07-2015 08:58:26: http://localhost/logout/
404 error at 05-07-2015 08:58:26: http://localhost/tasks/
404 error at 05-07-2015 08:58:26: http://localhost/complete/1/
404 error at 05-07-2015 08:58:27: http://localhost/tasks/
404 error at 05-07-2015 08:58:27: http://localhost/add/
404 error at 05-07-2015 08:58:27: http://localhost/logout/
404 error at 05-07-2015 08:58:28: http://localhost/tasks/
404 error at 05-07-2015 08:58:28: http://localhost/delete/1/
404 error at 05-07-2015 08:58:29: http://localhost/add/
404 error at 05-07-2015 08:58:29: http://localhost/logout/
404 error at 06-07-2015 01:02:44: http://localhost/tasks/
404 error at 06-07-2015 01:02:44: http://localhost/add/
404 error at 06-07-2015 01:02:44: http://localhost/logout/
404 error at 06-07-2015 01:02:44: http://localhost/tasks/
404 error at 06-07-2015 01:02:44: http://localhost/complete/1/
404 error at 06-07-2015 01:02:46: http://localhost/tasks/
404 error at 06-07-2015 01:02:46: http://localhost/add/
404 error at 06-07-2015 01:02:46: http://localhost/logout/
404 error at 06-07-2015 01:02:47: http://localhost/tasks/
404 error at 06-07-2015 01:02:47: http://localhost/delete/1/
404 error at 06-07-2015 01:02:48: http://localhost/add/
404 error at 06-07-2015 01:02:48: http://localhost/logout/
404 error at 06-07-2015 01:02:49: http://localhost/add/
404 error at 06-07-2015 01:02:50: http://localhost/tasks/
404 error at 06-07-2015 01:02:53: http://localhost/tasks/
404 error at 06-07-2015 01:02:53: http://localhost/add/
404 error at 06-07-2015 01:02:54: http://localhost/tasks/
404 error at 06-07-2015 01:02:54: http://localhost/add/
404 error at 06-07-2015 01:02:54: http://localhost/complete/1/
404 error at 06-07-2015 01:02:55: http://localhost/tasks/
404 error at 06-07-2015 01:02:55: http://localhost/add/
404 error at 06-07-2015 01:02:55: http://localhost/delete/1/
404 error at 06-07-2015 01:02:56: http://localhost/add/
404 error at 06-07-2015 01:02:56: http://localhost/logout/
404 error at 06-07-2015 01:02:56: http://localhost/add/
404 error at 06-07-2015 01:02:58: http://localhost/tasks/
404 error at 06-07-2015 01:02:58: http://localhost/add/
404 error at 06-07-2015 01:02:59: http://localhost/tasks/
404 error at 06-07-2015 01:02:59: http://localhost/add/
404 error at 06-07-2015 01:02:59: http://localhost/logout/
404 error at 06-07-2015 01:02:59: http://localhost/tasks/
404 error at 06-07-2015 01:02:59: http://localhost/complete/1/
404 error at 06-07-2015 01:03:00: http://localhost/tasks/
404 error at 06-07-2015 01:03:00: http://localhost/add/
404 error at 06-07-2015 01:03:00: http://localhost/logout/
404 error at 06-07-2015 01:03:01: http://localhost/tasks/
404 error at 06-07-2015 01:03:01: http://localhost/delete/1/
404 error at 06-07-2015 01:03:02: http://localhost/add/
404 error at 06-07-2015 01:03:02: http://localhost/logout/
404 error at 07-07-2015 20:48:40: http://localhost/tasks/
404 error at 07-07-2015 20:48:40: http://localhost/add/
404 error at 07-07-2015 20:48:40: http://localhost/logout/
404 error at 07-07-2015 20:48:40: http://localhost/tasks/
404 error at 07-07-2015 20:48:40: http://localhost/complete/1/
404 error at 07-07-2015 20:48:41: http://localhost/tasks/
404 error at 07-07-2015 20:48:41: http://localhost/add/
404 error at 07-07-2015 20:48:41: http://localhost/logout/
404 error at 07-07-2015 20:48:42: http://localhost/tasks/
404 error at 07-07-2015 20:48:42: http://localhost/delete/1/
404 error at 07-07-2015 20:48:43: http://localhost/add/
404 error at 07-07-2015 20:48:43: http://localhost/logout/
404 error at 07-07-2015 20:48:43: http://localhost/add/
404 error at 07-07-2015 20:48:44: http://localhost/tasks/
404 error at 07-07-2015 20:48:47: http://localhost/tasks/
404 error at 07-07-2015 20:48:47: http://localhost/add/
404 error at 07-07-2015 20:48:48: http://localhost/tasks/
404 error at 07-07-2015 20:48:48: http://localhost/add/
404 error at 07-07-2015 20:48:48: http://localhost/complete/1/
404 error at 07-07-2015 20:48:49: http://localhost/tasks/
404 error at 07-07-2015 20:48:49: http://localhost/add/
404 error at 07-07-2015 20:48:49: http://localhost/delete/1/
404 error at 07-07-2015 20:48:50: http://localhost/add/
404 error at 07-07-2015 20:48:50: http://localhost/logout/
404 error at 07-07-2015 20:48:50: http://localhost/add/
404 error at 07-07-2015 20:48:51: http://localhost/tasks/
404 error at 07-07-2015 20:48:51: http://localhost/add/
404 error at 07-07-2015 20:48:52: http://localhost/tasks/
404 error at 07-07-2015 20:48:52: http://localhost/add/
404 error at 07-07-2015 20:48:52: http://localhost/logout/
404 error at 07-07-2015 20:48:53: http://localhost/tasks/
404 error at 07-07-2015 20:48:53: http://localhost/complete/1/
404 error at 07-07-2015 20:48:54: http://localhost/tasks/
404 error at 07-07-2015 20:48:54: http://localhost/add/
404 error at 07-07-2015 20:48:54: http://localhost/logout/
404 error at 07-07-2015 20:48:54: http://localhost/tasks/
404 error at 07-07-2015 20:48:54: http://localhost/delete/1/
404 error at 07-07-2015 20:48:55: http://localhost/add/
404 error at 07-07-2015 20:48:55: http://localhost/logout/
404 error at 07-07-2015 20:48:56: http://localhost/this-route-does-not-exist
404 error at 07-07-2015 20:48:58: http://localhost/register/
404 error at 07-07-2015 20:48:58: http://localhost/register/
404 error at 07-07-2015 20:48:58: http://localhost/register/
404 error at 07-07-2015 20:48:59: http://localhost/register/
404 error at 07-07-2015 20:48:59: http://localhost/register/
404 error at 07-07-2015 20:48:59: http://localhost/logout/
404 error at 07-07-2015 20:48:59: http://localhost/logout/
404 error at 07-07-2015 20:49:01: http://localhost/register/
404 error at 07-07-2015 20:49:01: http://localhost/register/
404 error at 07-07-2015 20:49:01: http://localhost/register/
404 error at 07-07-2015 20:49:01: http://localhost/register/
404 error at 07-07-2015 20:49:01: http://localhost/register/
404 error at 07-07-2015 20:49:01: http://localhost/register/
404 error at 07-07-2015 20:49:02: http://localhost/register/
404 error at 07-07-2015 20:50:03: http://localhost/tasks/
404 error at 07-07-2015 20:50:03: http://localhost/add/
404 error at 07-07-2015 20:50:03: http://localhost/logout/
404 error at 07-07-2015 20:50:04: http://localhost/tasks/
404 error at 07-07-2015 20:50:04: http://localhost/complete/1/
404 error at 07-07-2015 20:50:05: http://localhost/tasks/
404 error at 07-07-2015 20:50:05: http://localhost/add/
404 error at 07-07-2015 20:50:05: http://localhost/logout/
404 error at 07-07-2015 20:50:05: http://localhost/tasks/
404 error at 07-07-2015 20:50:05: http://localhost/delete/1/
404 error at 07-07-2015 20:50:06: http://localhost/add/
404 error at 07-07-2015 20:50:06: http://localhost/logout/
404 error at 07-07-2015 20:50:06: http://localhost/add/
404 error at 07-07-2015 20:50:08: http://localhost/tasks/
404 error at 07-07-2015 20:50:10: http://localhost/tasks/
404 error at 07-07-2015 20:50:10: http://localhost/add/
404 error at 07-07-2015 20:50:11: http://localhost/tasks/
404 error at 07-07-2015 20:50:11: http://localhost/add/
404 error at 07-07-2015 20:50:11: http://localhost/complete/1/
404 error at 07-07-2015 20:50:12: http://localhost/tasks/
404 error at 07-07-2015 20:50:12: http://localhost/add/
404 error at 07-07-2015 20:50:12: http://localhost/delete/1/
404 error at 07-07-2015 20:50:13: http://localhost/add/
404 error at 07-07-2015 20:50:13: http://localhost/logout/
404 error at 07-07-2015 20:50:14: http://localhost/add/
404 error at 07-07-2015 20:50:15: http://localhost/tasks/
404 error at 07-07-2015 20:50:15: http://localhost/add/
404 error at 07-07-2015 20:50:15: http://localhost/tasks/
404 error at 07-07-2015 20:50:15: http://localhost/add/
404 error at 07-07-2015 20:50:15: http://localhost/logout/
404 error at 07-07-2015 20:50:16: http://localhost/tasks/
404 error at 07-07-2015 20:50:16: http://localhost/complete/1/
404 error at 07-07-2015 20:50:17: http://localhost/tasks/
404 error at 07-07-2015 20:50:17: http://localhost/add/
404 error at 07-07-2015 20:50:17: http://localhost/logout/
404 error at 07-07-2015 20:50:17: http://localhost/tasks/
404 error at 07-07-2015 20:50:17: http://localhost/delete/1/
404 error at 07-07-2015 20:50:18: http://localhost/add/
404 error at 07-07-2015 20:50:18: http://localhost/logout/
404 error at 07-07-2015 20:50:19: http://localhost/this-route-does-not-exist
404 error at 07-07-2015 20:50:21: http://localhost/register/
404 error at 07-07-2015 20:50:21: http://localhost/register/
404 error at 07-07-2015 20:50:21: http://localhost/register/
404 error at 07-07-2015 20:50:22: http://localhost/register/
404 error at 07-07-2015 20:50:22: http://localhost/register/
404 error at 07-07-2015 20:50:22: http://localhost/logout/
404 error at 07-07-2015 20:50:22: http://localhost/logout/
404 error at 07-07-2015 20:50:23: http://localhost/register/
404 error at 07-07-2015 20:50:23: http://localhost/register/
404 error at 07-07-2015 20:50:24: http://localhost/register/
404 error at 07-07-2015 20:50:24: http://localhost/register/
404 error at 07-07-2015 20:50:24: http://localhost/register/
404 error at 07-07-2015 20:50:24: http://localhost/register/
404 error at 07-07-2015 20:50:24: http://localhost/register/
404 error at 07-07-2015 20:51:49: http://localhost/tasks/
404 error at 07-07-2015 20:51:49: http://localhost/add/
404 error at 07-07-2015 20:51:49: http://localhost/logout/
404 error at 07-07-2015 20:51:49: http://localhost/tasks/
404 error at 07-07-2015 20:51:49: http://localhost/complete/1/
404 error at 07-07-2015 20:51:50: http://localhost/tasks/
404 error at 07-07-2015 20:51:50: http://localhost/add/
404 error at 07-07-2015 20:51:50: http://localhost/logout/
404 error at 07-07-2015 20:51:51: http://localhost/tasks/
404 error at 07-07-2015 20:51:51: http://localhost/delete/1/
404 error at 07-07-2015 20:51:52: http://localhost/add/
404 error at 07-07-2015 20:51:52: http://localhost/logout/
404 error at 07-07-2015 20:51:52: http://localhost/add/
404 error at 07-07-2015 20:51:54: http://localhost/tasks/
404 error at 07-07-2015 20:51:56: http://localhost/tasks/
404 error at 07-07-2015 20:51:56: http://localhost/add/
404 error at 07-07-2015 20:51:57: http://localhost/tasks/
404 error at 07-07-2015 20:51:57: http://localhost/add/
404 error at 07-07-2015 20:51:57: http://localhost/complete/1/
404 error at 07-07-2015 20:51:58: http://localhost/tasks/
404 error at 07-07-2015 20:51:58: http://localhost/add/
404 error at 07-07-2015 20:51:58: http://localhost/delete/1/
404 error at 07-07-2015 20:51:59: http://localhost/add/
404 error at 07-07-2015 20:51:59: http://localhost/logout/
404 error at 07-07-2015 20:52:00: http://localhost/add/
404 error at 07-07-2015 20:52:01: http://localhost/tasks/
404 error at 07-07-2015 20:52:01: http://localhost/add/
404 error at 07-07-2015 20:52:01: http://localhost/tasks/
404 error at 07-07-2015 20:52:01: http://localhost/add/
404 error at 07-07-2015 20:52:01: http://localhost/logout/
404 error at 07-07-2015 20:52:02: http://localhost/tasks/
404 error at 07-07-2015 20:52:02: http://localhost/complete/1/
404 error at 07-07-2015 20:52:03: http://localhost/tasks/
404 error at 07-07-2015 20:52:03: http://localhost/add/
404 error at 07-07-2015 20:52:03: http://localhost/logout/
404 error at 07-07-2015 20:52:04: http://localhost/tasks/
404 error at 07-07-2015 20:52:04: http://localhost/delete/1/
404 error at 07-07-2015 20:52:05: http://localhost/add/
404 error at 07-07-2015 20:52:05: http://localhost/logout/
404 error at 07-07-2015 20:52:06: http://localhost/this-route-does-not-exist
404 error at 07-07-2015 20:52:07: http://localhost/register/
404 error at 07-07-2015 20:52:07: http://localhost/register/
404 error at 07-07-2015 20:52:08: http://localhost/register/
404 error at 07-07-2015 20:52:08: http://localhost/register/
404 error at 07-07-2015 20:52:09: http://localhost/register/
404 error at 07-07-2015 20:52:09: http://localhost/logout/
404 error at 07-07-2015 20:52:09: http://localhost/logout/
404 error at 07-07-2015 20:52:11: http://localhost/register/
404 error at 07-07-2015 20:52:11: http://localhost/register/
404 error at 07-07-2015 20:52:12: http://localhost/register/
404 error at 07-07-2015 20:52:12: http://localhost/register/
404 error at 07-07-2015 20:52:12: http://localhost/register/
404 error at 07-07-2015 20:52:12: http://localhost/register/
404 error at 07-07-2015 20:52:12: http://localhost/register/
404 error at 07-07-2015 20:58:06: http://localhost/tasks/
404 error at 07-07-2015 20:58:06: http://localhost/add/
404 error at 07-07-2015 20:58:06: http://localhost/logout/
404 error at 07-07-2015 20:58:07: http://localhost/tasks/
404 error at 07-07-2015 20:58:07: http://localhost/complete/1/
404 error at 07-07-2015 20:58:07: http://localhost/tasks/
404 error at 07-07-2015 20:58:07: http://localhost/add/
404 error at 07-07-2015 20:58:07: http://localhost/logout/
404 error at 07-07-2015 20:58:08: http://localhost/tasks/
404 error at 07-07-2015 20:58:08: http://localhost/delete/1/
404 error at 07-07-2015 20:58:09: http://localhost/add/
404 error at 07-07-2015 20:58:09: http://localhost/logout/
404 error at 07-07-2015 20:58:09: http://localhost/add/
404 error at 07-07-2015 20:58:11: http://localhost/tasks/
404 error at 07-07-2015 20:58:13: http://localhost/tasks/
404 error at 07-07-2015 20:58:13: http://localhost/add/
404 error at 07-07-2015 20:58:14: http://localhost/tasks/
404 error at 07-07-2015 20:58:14: http://localhost/add/
404 error at 07-07-2015 20:58:14: http://localhost/complete/1/
404 error at 07-07-2015 20:58:15: http://localhost/tasks/
404 error at 07-07-2015 20:58:15: http://localhost/add/
404 error at 07-07-2015 20:58:15: http://localhost/delete/1/
404 error at 07-07-2015 20:58:16: http://localhost/add/
404 error at 07-07-2015 20:58:16: http://localhost/logout/
404 error at 07-07-2015 20:58:17: http://localhost/add/
404 error at 07-07-2015 20:58:18: http://localhost/tasks/
404 error at 07-07-2015 20:58:18: http://localhost/add/
404 error at 07-07-2015 20:58:19: http://localhost/tasks/
404 error at 07-07-2015 20:58:19: http://localhost/add/
404 error at 07-07-2015 20:58:19: http://localhost/logout/
404 error at 07-07-2015 20:58:19: http://localhost/tasks/
404 error at 07-07-2015 20:58:19: http://localhost/complete/1/
404 error at 07-07-2015 20:58:21: http://localhost/tasks/
404 error at 07-07-2015 20:58:21: http://localhost/add/
404 error at 07-07-2015 20:58:21: http://localhost/logout/
404 error at 07-07-2015 20:58:21: http://localhost/tasks/
404 error at 07-07-2015 20:58:21: http://localhost/delete/1/
404 error at 07-07-2015 20:58:22: http://localhost/add/
404 error at 07-07-2015 20:58:22: http://localhost/logout/
404 error at 07-07-2015 20:58:23: http://localhost/this-route-does-not-exist
404 error at 07-07-2015 20:58:25: http://localhost/register/
404 error at 07-07-2015 20:58:25: http://localhost/register/
404 error at 07-07-2015 20:58:26: http://localhost/register/
404 error at 07-07-2015 20:58:26: http://localhost/register/
404 error at 07-07-2015 20:58:27: http://localhost/register/
404 error at 07-07-2015 20:58:27: http://localhost/logout/
404 error at 07-07-2015 20:58:27: http://localhost/logout/
404 error at 07-07-2015 20:58:29: http://localhost/register/
404 error at 07-07-2015 20:58:29: http://localhost/register/
404 error at 07-07-2015 20:58:29: http://localhost/register/
404 error at 07-07-2015 20:58:29: http://localhost/register/
404 error at 07-07-2015 20:58:29: http://localhost/register/
404 error at 07-07-2015 20:58:29: http://localhost/register/
404 error at 07-07-2015 20:58:30: http://localhost/register/
404 error at 07-07-2015 21:00:00: http://localhost/tasks/
404 error at 07-07-2015 21:00:00: http://localhost/add/
404 error at 07-07-2015 21:00:00: http://localhost/logout/
404 error at 07-07-2015 21:00:01: http://localhost/tasks/
404 error at 07-07-2015 21:00:01: http://localhost/complete/1/
404 error at 07-07-2015 21:00:02: http://localhost/tasks/
404 error at 07-07-2015 21:00:02: http://localhost/add/
404 error at 07-07-2015 21:00:02: http://localhost/logout/
404 error at 07-07-2015 21:00:02: http://localhost/tasks/
404 error at 07-07-2015 21:00:02: http://localhost/delete/1/
404 error at 07-07-2015 21:00:03: http://localhost/add/
404 error at 07-07-2015 21:00:03: http://localhost/logout/
404 error at 07-07-2015 21:00:04: http://localhost/add/
404 error at 07-07-2015 21:00:05: http://localhost/tasks/
404 error at 07-07-2015 21:00:08: http://localhost/tasks/
404 error at 07-07-2015 21:00:08: http://localhost/add/
404 error at 07-07-2015 21:00:09: http://localhost/tasks/
404 error at 07-07-2015 21:00:09: http://localhost/add/
404 error at 07-07-2015 21:00:09: http://localhost/complete/1/
404 error at 07-07-2015 21:00:10: http://localhost/tasks/
404 error at 07-07-2015 21:00:10: http://localhost/add/
404 error at 07-07-2015 21:00:10: http://localhost/delete/1/
404 error at 07-07-2015 21:00:11: http://localhost/add/
404 error at 07-07-2015 21:00:11: http://localhost/logout/
404 error at 07-07-2015 21:00:11: http://localhost/add/
404 error at 07-07-2015 21:00:12: http://localhost/tasks/
404 error at 07-07-2015 21:00:12: http://localhost/add/
404 error at 07-07-2015 21:00:13: http://localhost/tasks/
404 error at 07-07-2015 21:00:13: http://localhost/add/
404 error at 07-07-2015 21:00:13: http://localhost/logout/
404 error at 07-07-2015 21:00:13: http://localhost/tasks/
404 error at 07-07-2015 21:00:13: http://localhost/complete/1/
404 error at 07-07-2015 21:00:14: http://localhost/tasks/
404 error at 07-07-2015 21:00:14: http://localhost/add/
404 error at 07-07-2015 21:00:14: http://localhost/logout/
404 error at 07-07-2015 21:00:15: http://localhost/tasks/
404 error at 07-07-2015 21:00:15: http://localhost/delete/1/
404 error at 07-07-2015 21:00:16: http://localhost/add/
404 error at 07-07-2015 21:00:16: http://localhost/logout/
404 error at 07-07-2015 21:00:17: http://localhost/this-route-does-not-exist
404 error at 07-07-2015 21:00:19: http://localhost/register/
404 error at 07-07-2015 21:00:19: http://localhost/register/
404 error at 07-07-2015 21:00:20: http://localhost/register/
404 error at 07-07-2015 21:00:20: http://localhost/register/
404 error at 07-07-2015 21:00:21: http://localhost/register/
404 error at 07-07-2015 21:00:21: http://localhost/logout/
404 error at 07-07-2015 21:00:21: http://localhost/logout/
404 error at 07-07-2015 21:00:22: http://localhost/register/
404 error at 07-07-2015 21:00:22: http://localhost/register/
404 error at 07-07-2015 21:00:23: http://localhost/register/
404 error at 07-07-2015 21:00:23: http://localhost/register/
404 error at 07-07-2015 21:00:23: http://localhost/register/
404 error at 07-07-2015 21:00:23: http://localhost/register/
404 error at 07-07-2015 21:00:23: http://localhost/register/
404 error at 07-07-2015 21:01:38: http://localhost/tasks/
404 error at 07-07-2015 21:01:38: http://localhost/add/
404 error at 07-07-2015 21:01:38: http://localhost/logout/
404 error at 07-07-2015 21:01:38: http://localhost/tasks/
404 error at 07-07-2015 21:01:38: http://localhost/complete/1/
404 error at 07-07-2015 21:01:39: http://localhost/tasks/
404 error at 07-07-2015 21:01:39: http://localhost/add/
404 error at 07-07-2015 21:01:39: http://localhost/logout/
404 error at 07-07-2015 21:01:40: http://localhost/tasks/
404 error at 07-07-2015 21:01:40: http://localhost/delete/1/
404 error at 07-07-2015 21:01:41: http://localhost/add/
404 error at 07-07-2015 21:01:41: http://localhost/logout/
404 error at 07-07-2015 21:01:41: http://localhost/add/
404 error at 07-07-2015 21:01:43: http://localhost/tasks/
404 error at 07-07-2015 21:01:45: http://localhost/tasks/
404 error at 07-07-2015 21:01:45: http://localhost/add/
404 error at 07-07-2015 21:01:46: http://localhost/tasks/
404 error at 07-07-2015 21:01:46: http://localhost/add/
404 error at 07-07-2015 21:01:46: http://localhost/complete/1/
404 error at 07-07-2015 21:01:47: http://localhost/tasks/
404 error at 07-07-2015 21:01:47: http://localhost/add/
404 error at 07-07-2015 21:01:47: http://localhost/delete/1/
404 error at 07-07-2015 21:01:48: http://localhost/add/
404 error at 07-07-2015 21:01:48: http://localhost/logout/
404 error at 07-07-2015 21:01:49: http://localhost/add/
404 error at 07-07-2015 21:01:50: http://localhost/tasks/
404 error at 07-07-2015 21:01:50: http://localhost/add/
404 error at 07-07-2015 21:01:51: http://localhost/tasks/
404 error at 07-07-2015 21:01:51: http://localhost/add/
404 error at 07-07-2015 21:01:51: http://localhost/logout/
404 error at 07-07-2015 21:01:51: http://localhost/tasks/
404 error at 07-07-2015 21:01:51: http://localhost/complete/1/
404 error at 07-07-2015 21:01:52: http://localhost/tasks/
404 error at 07-07-2015 21:01:52: http://localhost/add/
404 error at 07-07-2015 21:01:52: http://localhost/logout/
404 error at 07-07-2015 21:01:53: http://localhost/tasks/
404 error at 07-07-2015 21:01:53: http://localhost/delete/1/
404 error at 07-07-2015 21:01:54: http://localhost/add/
404 error at 07-07-2015 21:01:54: http://localhost/logout/
404 error at 07-07-2015 21:01:55: http://localhost/this-route-does-not-exist
404 error at 07-07-2015 21:01:56: http://localhost/register/
404 error at 07-07-2015 21:01:56: http://localhost/register/
404 error at 07-07-2015 21:01:57: http://localhost/register/
404 error at 07-07-2015 21:01:58: http://localhost/register/
404 error at 07-07-2015 21:01:58: http://localhost/register/
404 error at 07-07-2015 21:01:58: http://localhost/logout/
404 error at 07-07-2015 21:01:59: http://localhost/logout/
404 error at 07-07-2015 21:02:00: http://localhost/register/
404 error at 07-07-2015 21:02:00: http://localhost/register/
404 error at 07-07-2015 21:02:01: http://localhost/register/
404 error at 07-07-2015 21:02:01: http://localhost/register/
404 error at 07-07-2015 21:02:01: http://localhost/register/
404 error at 07-07-2015 21:02:01: http://localhost/register/
404 error at 07-07-2015 21:02:01: http://localhost/register/
404 error at 07-07-2015 21:03:11: http://localhost/tasks/
404 error at 07-07-2015 21:03:11: http://localhost/add/
404 error at 07-07-2015 21:03:11: http://localhost/logout/
404 error at 07-07-2015 21:03:11: http://localhost/tasks/
404 error at 07-07-2015 21:03:11: http://localhost/complete/1/
404 error at 07-07-2015 21:03:12: http://localhost/tasks/
404 error at 07-07-2015 21:03:12: http://localhost/add/
404 error at 07-07-2015 21:03:12: http://localhost/logout/
404 error at 07-07-2015 21:03:13: http://localhost/tasks/
404 error at 07-07-2015 21:03:13: http://localhost/delete/1/
404 error at 07-07-2015 21:03:14: http://localhost/add/
404 error at 07-07-2015 21:03:14: http://localhost/logout/
404 error at 07-07-2015 21:03:14: http://localhost/add/
404 error at 07-07-2015 21:03:16: http://localhost/tasks/
404 error at 07-07-2015 21:03:19: http://localhost/tasks/
404 error at 07-07-2015 21:03:19: http://localhost/add/
404 error at 07-07-2015 21:03:20: http://localhost/tasks/
404 error at 07-07-2015 21:03:20: http://localhost/add/
404 error at 07-07-2015 21:03:20: http://localhost/complete/1/
404 error at 07-07-2015 21:03:21: http://localhost/tasks/
404 error at 07-07-2015 21:03:21: http://localhost/add/
404 error at 07-07-2015 21:03:21: http://localhost/delete/1/
404 error at 07-07-2015 21:03:22: http://localhost/add/
404 error at 07-07-2015 21:03:22: http://localhost/logout/
404 error at 07-07-2015 21:03:22: http://localhost/add/
404 error at 07-07-2015 21:03:23: http://localhost/tasks/
404 error at 07-07-2015 21:03:23: http://localhost/add/
404 error at 07-07-2015 21:03:24: http://localhost/tasks/
404 error at 07-07-2015 21:03:24: http://localhost/add/
404 error at 07-07-2015 21:03:24: http://localhost/logout/
404 error at 07-07-2015 21:03:25: http://localhost/tasks/
404 error at 07-07-2015 21:03:25: http://localhost/complete/1/
404 error at 07-07-2015 21:03:26: http://localhost/tasks/
404 error at 07-07-2015 21:03:26: http://localhost/add/
404 error at 07-07-2015 21:03:26: http://localhost/logout/
404 error at 07-07-2015 21:03:26: http://localhost/tasks/
404 error at 07-07-2015 21:03:26: http://localhost/delete/1/
404 error at 07-07-2015 21:03:27: http://localhost/add/
404 error at 07-07-2015 21:03:27: http://localhost/logout/
404 error at 07-07-2015 21:03:28: http://localhost/this-route-does-not-exist
404 error at 07-07-2015 21:03:30: http://localhost/register/
404 error at 07-07-2015 21:03:30: http://localhost/register/
404 error at 07-07-2015 21:03:31: http://localhost/register/
404 error at 07-07-2015 21:03:32: http://localhost/register/
404 error at 07-07-2015 21:03:32: http://localhost/register/
404 error at 07-07-2015 21:03:32: http://localhost/logout/
404 error at 07-07-2015 21:03:33: http://localhost/logout/
404 error at 07-07-2015 21:03:34: http://localhost/register/
404 error at 07-07-2015 21:03:34: http://localhost/register/
404 error at 07-07-2015 21:03:34: http://localhost/register/
404 error at 07-07-2015 21:03:34: http://localhost/register/
404 error at 07-07-2015 21:03:34: http://localhost/register/
404 error at 07-07-2015 21:03:34: http://localhost/register/
404 error at 07-07-2015 21:03:35: http://localhost/register/
404 error at 08-07-2015 17:16:25: http://localhost/tasks/
404 error at 08-07-2015 17:16:25: http://localhost/add/
404 error at 08-07-2015 17:16:25: http://localhost/logout/
404 error at 08-07-2015 17:16:25: http://localhost/tasks/
404 error at 08-07-2015 17:16:25: http://localhost/complete/1/
404 error at 08-07-2015 17:16:26: http://localhost/tasks/
404 error at 08-07-2015 17:16:26: http://localhost/add/
404 error at 08-07-2015 17:16:26: http://localhost/logout/
404 error at 08-07-2015 17:16:27: http://localhost/tasks/
404 error at 08-07-2015 17:16:27: http://localhost/delete/1/
404 error at 08-07-2015 17:16:28: http://localhost/add/
404 error at 08-07-2015 17:16:28: http://localhost/logout/
404 error at 08-07-2015 17:16:28: http://localhost/add/
404 error at 08-07-2015 17:16:29: http://localhost/tasks/
404 error at 08-07-2015 17:16:32: http://localhost/tasks/
404 error at 08-07-2015 17:16:32: http://localhost/add/
404 error at 08-07-2015 17:16:33: http://localhost/tasks/
404 error at 08-07-2015 17:16:33: http://localhost/add/
404 error at 08-07-2015 17:16:33: http://localhost/complete/1/
404 error at 08-07-2015 17:16:33: http://localhost/tasks/
404 error at 08-07-2015 17:16:33: http://localhost/add/
404 error at 08-07-2015 17:16:33: http://localhost/delete/1/
404 error at 08-07-2015 17:16:34: http://localhost/add/
404 error at 08-07-2015 17:16:34: http://localhost/logout/
404 error at 08-07-2015 17:16:35: http://localhost/add/
404 error at 08-07-2015 17:16:36: http://localhost/tasks/
404 error at 08-07-2015 17:16:36: http://localhost/add/
404 error at 08-07-2015 17:16:37: http://localhost/tasks/
404 error at 08-07-2015 17:16:37: http://localhost/add/
404 error at 08-07-2015 17:16:37: http://localhost/logout/
404 error at 08-07-2015 17:16:37: http://localhost/tasks/
404 error at 08-07-2015 17:16:37: http://localhost/complete/1/
404 error at 08-07-2015 17:16:38: http://localhost/tasks/
404 error at 08-07-2015 17:16:38: http://localhost/add/
404 error at 08-07-2015 17:16:38: http://localhost/logout/
404 error at 08-07-2015 17:16:38: http://localhost/tasks/
404 error at 08-07-2015 17:16:38: http://localhost/delete/1/
404 error at 08-07-2015 17:16:39: http://localhost/add/
404 error at 08-07-2015 17:16:39: http://localhost/logout/
404 error at 08-07-2015 17:16:40: http://localhost/this-route-does-not-exist
404 error at 08-07-2015 17:16:41: http://localhost/register/
404 error at 08-07-2015 17:16:41: http://localhost/register/
404 error at 08-07-2015 17:16:42: http://localhost/register/
404 error at 08-07-2015 17:16:42: http://localhost/register/
404 error at 08-07-2015 17:16:43: http://localhost/register/
404 error at 08-07-2015 17:16:43: http://localhost/logout/
404 error at 08-07-2015 17:16:43: http://localhost/logout/
404 error at 08-07-2015 17:16:44: http://localhost/register/
404 error at 08-07-2015 17:16:44: http://localhost/register/
404 error at 08-07-2015 17:16:44: http://localhost/register/
404 error at 08-07-2015 17:16:44: http://localhost/register/
404 error at 08-07-2015 17:16:44: http://localhost/register/
404 error at 08-07-2015 17:16:44: http://localhost/register/
404 error at 08-07-2015 17:16:45: http://localhost/register/
404 error at 08-07-2015 17:17:44: http://localhost/tasks/
404 error at 08-07-2015 17:17:44: http://localhost/add/
404 error at 08-07-2015 17:17:44: http://localhost/logout/
404 error at 08-07-2015 17:17:45: http://localhost/tasks/
404 error at 08-07-2015 17:17:45: http://localhost/complete/1/
404 error at 08-07-2015 17:17:46: http://localhost/tasks/
404 error at 08-07-2015 17:17:46: http://localhost/add/
404 error at 08-07-2015 17:17:46: http://localhost/logout/
404 error at 08-07-2015 17:17:46: http://localhost/tasks/
404 error at 08-07-2015 17:17:46: http://localhost/delete/1/
404 error at 08-07-2015 17:17:47: http://localhost/add/
404 error at 08-07-2015 17:17:47: http://localhost/logout/
404 error at 08-07-2015 17:17:48: http://localhost/add/
404 error at 08-07-2015 17:17:49: http://localhost/tasks/
404 error at 08-07-2015 17:17:51: http://localhost/tasks/
404 error at 08-07-2015 17:17:51: http://localhost/add/
404 error at 08-07-2015 17:17:52: http://localhost/tasks/
404 error at 08-07-2015 17:17:52: http://localhost/add/
404 error at 08-07-2015 17:17:52: http://localhost/complete/1/
404 error at 08-07-2015 17:17:53: http://localhost/tasks/
404 error at 08-07-2015 17:17:53: http://localhost/add/
404 error at 08-07-2015 17:17:53: http://localhost/delete/1/
404 error at 08-07-2015 17:17:54: http://localhost/add/
404 error at 08-07-2015 17:17:54: http://localhost/logout/
404 error at 08-07-2015 17:17:55: http://localhost/add/
404 error at 08-07-2015 17:17:56: http://localhost/tasks/
404 error at 08-07-2015 17:17:56: http://localhost/add/
404 error at 08-07-2015 17:17:57: http://localhost/tasks/
404 error at 08-07-2015 17:17:57: http://localhost/add/
404 error at 08-07-2015 17:17:57: http://localhost/logout/
404 error at 08-07-2015 17:17:57: http://localhost/tasks/
404 error at 08-07-2015 17:17:57: http://localhost/complete/1/
404 error at 08-07-2015 17:17:58: http://localhost/tasks/
404 error at 08-07-2015 17:17:58: http://localhost/add/
404 error at 08-07-2015 17:17:58: http://localhost/logout/
404 error at 08-07-2015 17:17:58: http://localhost/tasks/
404 error at 08-07-2015 17:17:58: http://localhost/delete/1/
404 error at 08-07-2015 17:17:59: http://localhost/add/
404 error at 08-07-2015 17:17:59: http://localhost/logout/
404 error at 08-07-2015 17:18:00: http://localhost/this-route-does-not-exist
404 error at 08-07-2015 17:18:02: http://localhost/register/
404 error at 08-07-2015 17:18:02: http://localhost/register/
404 error at 08-07-2015 17:18:02: http://localhost/register/
404 error at 08-07-2015 17:18:03: http://localhost/register/
404 error at 08-07-2015 17:18:03: http://localhost/register/
404 error at 08-07-2015 17:18:03: http://localhost/logout/
404 error at 08-07-2015 17:18:03: http://localhost/logout/
404 error at 08-07-2015 17:18:04: http://localhost/register/
404 error at 08-07-2015 17:18:04: http://localhost/register/
404 error at 08-07-2015 17:18:05: http://localhost/register/
404 error at 08-07-2015 17:18:05: http://localhost/register/
404 error at 08-07-2015 17:18:05: http://localhost/register/
404 error at 08-07-2015 17:18:05: http://localhost/register/
404 error at 08-07-2015 17:18:05: http://localhost/register/
404 error at 08-07-2015 17:31:31: http://localhost/tasks/
404 error at 08-07-2015 17:31:31: http://localhost/add/
404 error at 08-07-2015 17:31:31: http://localhost/logout/
404 error at 08-07-2015 17:31:31: http://localhost/tasks/
404 error at 08-07-2015 17:31:31: http://localhost/complete/1/
404 error at 08-07-2015 17:31:32: http://localhost/tasks/
404 error at 08-07-2015 17:31:32: http://localhost/add/
404 error at 08-07-2015 17:31:32: http://localhost/logout/
404 error at 08-07-2015 17:31:33: http://localhost/tasks/
404 error at 08-07-2015 17:31:33: http://localhost/delete/1/
404 error at 08-07-2015 17:31:34: http://localhost/add/
404 error at 08-07-2015 17:31:34: http://localhost/logout/
404 error at 08-07-2015 17:31:34: http://localhost/add/
404 error at 08-07-2015 17:31:35: http://localhost/tasks/
404 error at 08-07-2015 17:31:38: http://localhost/tasks/
404 error at 08-07-2015 17:31:38: http://localhost/add/
404 error at 08-07-2015 17:31:39: http://localhost/tasks/
404 error at 08-07-2015 17:31:39: http://localhost/add/
404 error at 08-07-2015 17:31:39: http://localhost/complete/1/
404 error at 08-07-2015 17:31:39: http://localhost/tasks/
404 error at 08-07-2015 17:31:39: http://localhost/add/
404 error at 08-07-2015 17:31:39: http://localhost/delete/1/
404 error at 08-07-2015 17:31:41: http://localhost/add/
404 error at 08-07-2015 17:31:41: http://localhost/logout/
404 error at 08-07-2015 17:31:41: http://localhost/add/
404 error at 08-07-2015 17:31:42: http://localhost/tasks/
404 error at 08-07-2015 17:31:42: http://localhost/add/
404 error at 08-07-2015 17:31:43: http://localhost/tasks/
404 error at 08-07-2015 17:31:43: http://localhost/add/
404 error at 08-07-2015 17:31:43: http://localhost/logout/
404 error at 08-07-2015 17:31:44: http://localhost/tasks/
404 error at 08-07-2015 17:31:44: http://localhost/complete/1/
404 error at 08-07-2015 17:31:44: http://localhost/tasks/
404 error at 08-07-2015 17:31:44: http://localhost/add/
404 error at 08-07-2015 17:31:44: http://localhost/logout/
404 error at 08-07-2015 17:31:45: http://localhost/tasks/
404 error at 08-07-2015 17:31:45: http://localhost/delete/1/
404 error at 08-07-2015 17:31:46: http://localhost/add/
404 error at 08-07-2015 17:31:46: http://localhost/logout/
404 error at 08-07-2015 17:31:47: http://localhost/this-route-does-not-exist
404 error at 08-07-2015 17:31:48: http://localhost/register/
404 error at 08-07-2015 17:31:48: http://localhost/register/
404 error at 08-07-2015 17:31:49: http://localhost/register/
404 error at 08-07-2015 17:31:49: http://localhost/register/
404 error at 08-07-2015 17:31:49: http://localhost/register/
404 error at 08-07-2015 17:31:49: http://localhost/logout/
404 error at 08-07-2015 17:31:50: http://localhost/logout/
404 error at 08-07-2015 17:31:51: http://localhost/register/
404 error at 08-07-2015 17:31:51: http://localhost/register/
404 error at 08-07-2015 17:31:51: http://localhost/register/
404 error at 08-07-2015 17:31:51: http://localhost/register/
404 error at 08-07-2015 17:31:51: http://localhost/register/
404 error at 08-07-2015 17:31:51: http://localhost/register/
404 error at 08-07-2015 17:31:51: http://localhost/register/
404 error at 08-07-2015 17:32:38: http://localhost/tasks/
404 error at 08-07-2015 17:32:38: http://localhost/add/
404 error at 08-07-2015 17:32:38: http://localhost/logout/
404 error at 08-07-2015 17:32:38: http://localhost/tasks/
404 error at 08-07-2015 17:32:38: http://localhost/complete/1/
404 error at 08-07-2015 17:32:40: http://localhost/tasks/
404 error at 08-07-2015 17:32:40: http://localhost/add/
404 error at 08-07-2015 17:32:40: http://localhost/logout/
404 error at 08-07-2015 17:32:40: http://localhost/tasks/
404 error at 08-07-2015 17:32:40: http://localhost/delete/1/
404 error at 08-07-2015 17:32:41: http://localhost/add/
404 error at 08-07-2015 17:32:41: http://localhost/logout/
404 error at 08-07-2015 17:32:42: http://localhost/add/
404 error at 08-07-2015 17:32:43: http://localhost/tasks/
404 error at 08-07-2015 17:32:45: http://localhost/tasks/
404 error at 08-07-2015 17:32:45: http://localhost/add/
404 error at 08-07-2015 17:32:46: http://localhost/tasks/
404 error at 08-07-2015 17:32:46: http://localhost/add/
404 error at 08-07-2015 17:32:46: http://localhost/complete/1/
404 error at 08-07-2015 17:32:47: http://localhost/tasks/
404 error at 08-07-2015 17:32:47: http://localhost/add/
404 error at 08-07-2015 17:32:47: http://localhost/delete/1/
404 error at 08-07-2015 17:32:48: http://localhost/add/
404 error at 08-07-2015 17:32:48: http://localhost/logout/
404 error at 08-07-2015 17:32:48: http://localhost/add/
404 error at 08-07-2015 17:32:49: http://localhost/tasks/
404 error at 08-07-2015 17:32:49: http://localhost/add/
404 error at 08-07-2015 17:32:50: http://localhost/tasks/
404 error at 08-07-2015 17:32:50: http://localhost/add/
404 error at 08-07-2015 17:32:50: http://localhost/logout/
404 error at 08-07-2015 17:32:50: http://localhost/tasks/
404 error at 08-07-2015 17:32:50: http://localhost/complete/1/
404 error at 08-07-2015 17:32:52: http://localhost/tasks/
404 error at 08-07-2015 17:32:52: http://localhost/add/
404 error at 08-07-2015 17:32:52: http://localhost/logout/
404 error at 08-07-2015 17:32:52: http://localhost/tasks/
404 error at 08-07-2015 17:32:52: http://localhost/delete/1/
404 error at 08-07-2015 17:32:53: http://localhost/add/
404 error at 08-07-2015 17:32:53: http://localhost/logout/
404 error at 08-07-2015 17:32:54: http://localhost/this-route-does-not-exist
404 error at 08-07-2015 17:32:55: http://localhost/register/
404 error at 08-07-2015 17:32:55: http://localhost/register/
404 error at 08-07-2015 17:32:56: http://localhost/register/
404 error at 08-07-2015 17:32:56: http://localhost/register/
404 error at 08-07-2015 17:32:57: http://localhost/register/
404 error at 08-07-2015 17:32:57: http://localhost/logout/
404 error at 08-07-2015 17:32:57: http://localhost/logout/
404 error at 08-07-2015 17:32:58: http://localhost/register/
404 error at 08-07-2015 17:32:58: http://localhost/register/
404 error at 08-07-2015 17:32:59: http://localhost/register/
404 error at 08-07-2015 17:32:59: http://localhost/register/
404 error at 08-07-2015 17:32:59: http://localhost/register/
404 error at 08-07-2015 17:32:59: http://localhost/register/
404 error at 08-07-2015 17:32:59: http://localhost/register/
404 error at 08-07-2015 17:34:25: http://localhost/tasks/
404 error at 08-07-2015 17:34:25: http://localhost/add/
404 error at 08-07-2015 17:34:25: http://localhost/logout/
404 error at 08-07-2015 17:34:26: http://localhost/tasks/
404 error at 08-07-2015 17:34:26: http://localhost/complete/1/
404 error at 08-07-2015 17:34:27: http://localhost/tasks/
404 error at 08-07-2015 17:34:27: http://localhost/add/
404 error at 08-07-2015 17:34:27: http://localhost/logout/
404 error at 08-07-2015 17:34:27: http://localhost/tasks/
404 error at 08-07-2015 17:34:27: http://localhost/delete/1/
404 error at 08-07-2015 17:34:28: http://localhost/add/
404 error at 08-07-2015 17:34:28: http://localhost/logout/
404 error at 08-07-2015 17:34:29: http://localhost/add/
404 error at 08-07-2015 17:34:30: http://localhost/tasks/
404 error at 08-07-2015 17:34:32: http://localhost/tasks/
404 error at 08-07-2015 17:34:32: http://localhost/add/
404 error at 08-07-2015 17:34:33: http://localhost/tasks/
404 error at 08-07-2015 17:34:33: http://localhost/add/
404 error at 08-07-2015 17:34:33: http://localhost/complete/1/
404 error at 08-07-2015 17:34:34: http://localhost/tasks/
404 error at 08-07-2015 17:34:34: http://localhost/add/
404 error at 08-07-2015 17:34:34: http://localhost/delete/1/
404 error at 08-07-2015 17:34:35: http://localhost/add/
404 error at 08-07-2015 17:34:35: http://localhost/logout/
404 error at 08-07-2015 17:34:35: http://localhost/add/
404 error at 08-07-2015 17:34:37: http://localhost/tasks/
404 error at 08-07-2015 17:34:37: http://localhost/add/
404 error at 08-07-2015 17:34:38: http://localhost/tasks/
404 error at 08-07-2015 17:34:38: http://localhost/add/
404 error at 08-07-2015 17:34:38: http://localhost/logout/
404 error at 08-07-2015 17:34:38: http://localhost/tasks/
404 error at 08-07-2015 17:34:38: http://localhost/complete/1/
404 error at 08-07-2015 17:34:39: http://localhost/tasks/
404 error at 08-07-2015 17:34:39: http://localhost/add/
404 error at 08-07-2015 17:34:39: http://localhost/logout/
404 error at 08-07-2015 17:34:39: http://localhost/tasks/
404 error at 08-07-2015 17:34:39: http://localhost/delete/1/
404 error at 08-07-2015 17:34:40: http://localhost/add/
404 error at 08-07-2015 17:34:40: http://localhost/logout/
404 error at 08-07-2015 17:34:41: http://localhost/this-route-does-not-exist
404 error at 08-07-2015 17:34:43: http://localhost/register/
404 error at 08-07-2015 17:34:43: http://localhost/register/
404 error at 08-07-2015 17:34:43: http://localhost/register/
404 error at 08-07-2015 17:34:44: http://localhost/register/
404 error at 08-07-2015 17:34:44: http://localhost/register/
404 error at 08-07-2015 17:34:44: http://localhost/logout/
404 error at 08-07-2015 17:34:44: http://localhost/logout/
404 error at 08-07-2015 17:34:45: http://localhost/register/
404 error at 08-07-2015 17:34:45: http://localhost/register/
404 error at 08-07-2015 17:34:46: http://localhost/register/
404 error at 08-07-2015 17:34:46: http://localhost/register/
404 error at 08-07-2015 17:34:46: http://localhost/register/
404 error at 08-07-2015 17:34:46: http://localhost/register/
404 error at 08-07-2015 17:34:46: http://localhost/register/
404 error at 08-07-2015 18:12:07: http://localhost/tasks/
404 error at 08-07-2015 18:12:07: http://localhost/add/
404 error at 08-07-2015 18:12:07: http://localhost/logout/
404 error at 08-07-2015 18:12:08: http://localhost/tasks/
404 error at 08-07-2015 18:12:08: http://localhost/complete/1/
404 error at 08-07-2015 18:12:09: http://localhost/tasks/
404 error at 08-07-2015 18:12:09: http://localhost/add/
404 error at 08-07-2015 18:12:09: http://localhost/logout/
404 error at 08-07-2015 18:12:09: http://localhost/tasks/
404 error at 08-07-2015 18:12:09: http://localhost/delete/1/
404 error at 08-07-2015 18:12:11: http://localhost/add/
404 error at 08-07-2015 18:12:11: http://localhost/logout/
404 error at 08-07-2015 18:12:11: http://localhost/add/
404 error at 08-07-2015 18:12:13: http://localhost/tasks/
404 error at 08-07-2015 18:12:15: http://localhost/tasks/
404 error at 08-07-2015 18:12:15: http://localhost/add/
404 error at 08-07-2015 18:12:16: http://localhost/tasks/
404 error at 08-07-2015 18:12:16: http://localhost/add/
404 error at 08-07-2015 18:12:16: http://localhost/complete/1/
404 error at 08-07-2015 18:12:17: http://localhost/tasks/
404 error at 08-07-2015 18:12:17: http://localhost/add/
404 error at 08-07-2015 18:12:17: http://localhost/delete/1/
404 error at 08-07-2015 18:12:18: http://localhost/add/
404 error at 08-07-2015 18:12:18: http://localhost/logout/
404 error at 08-07-2015 18:12:18: http://localhost/add/
404 error at 08-07-2015 18:12:19: http://localhost/tasks/
404 error at 08-07-2015 18:12:19: http://localhost/add/
404 error at 08-07-2015 18:12:20: http://localhost/tasks/
404 error at 08-07-2015 18:12:20: http://localhost/add/
404 error at 08-07-2015 18:12:21: http://localhost/logout/
404 error at 08-07-2015 18:12:21: http://localhost/tasks/
404 error at 08-07-2015 18:12:21: http://localhost/complete/1/
404 error at 08-07-2015 18:12:22: http://localhost/tasks/
404 error at 08-07-2015 18:12:22: http://localhost/add/
404 error at 08-07-2015 18:12:22: http://localhost/logout/
404 error at 08-07-2015 18:12:22: http://localhost/tasks/
404 error at 08-07-2015 18:12:22: http://localhost/delete/1/
404 error at 08-07-2015 18:12:23: http://localhost/add/
404 error at 08-07-2015 18:12:23: http://localhost/logout/
404 error at 08-07-2015 18:12:24: http://localhost/this-route-does-not-exist
404 error at 08-07-2015 18:12:26: http://localhost/register/
404 error at 08-07-2015 18:12:26: http://localhost/register/
404 error at 08-07-2015 18:12:26: http://localhost/register/
404 error at 08-07-2015 18:12:27: http://localhost/register/
404 error at 08-07-2015 18:12:27: http://localhost/register/
404 error at 08-07-2015 18:12:27: http://localhost/logout/
404 error at 08-07-2015 18:12:27: http://localhost/logout/
404 error at 08-07-2015 18:12:29: http://localhost/register/
404 error at 08-07-2015 18:12:29: http://localhost/register/
404 error at 08-07-2015 18:12:29: http://localhost/register/
404 error at 08-07-2015 18:12:29: http://localhost/register/
404 error at 08-07-2015 18:12:29: http://localhost/register/
404 error at 08-07-2015 18:12:29: http://localhost/register/
404 error at 08-07-2015 18:12:30: http://localhost/register/
404 error at 08-07-2015 18:23:50: http://localhost/tasks/
404 error at 08-07-2015 18:23:50: http://localhost/add/
404 error at 08-07-2015 18:23:50: http://localhost/logout/
404 error at 08-07-2015 18:23:51: http://localhost/tasks/
404 error at 08-07-2015 18:23:51: http://localhost/complete/1/
404 error at 08-07-2015 18:23:51: http://localhost/tasks/
404 error at 08-07-2015 18:23:51: http://localhost/add/
404 error at 08-07-2015 18:23:51: http://localhost/logout/
404 error at 08-07-2015 18:23:52: http://localhost/tasks/
404 error at 08-07-2015 18:23:52: http://localhost/delete/1/
404 error at 08-07-2015 18:23:53: http://localhost/add/
404 error at 08-07-2015 18:23:53: http://localhost/logout/
404 error at 08-07-2015 18:23:53: http://localhost/add/
404 error at 08-07-2015 18:23:55: http://localhost/tasks/
404 error at 08-07-2015 18:23:57: http://localhost/tasks/
404 error at 08-07-2015 18:23:57: http://localhost/add/
404 error at 08-07-2015 18:23:58: http://localhost/tasks/
404 error at 08-07-2015 18:23:58: http://localhost/add/
404 error at 08-07-2015 18:23:58: http://localhost/complete/1/
404 error at 08-07-2015 18:23:59: http://localhost/tasks/
404 error at 08-07-2015 18:23:59: http://localhost/add/
404 error at 08-07-2015 18:23:59: http://localhost/delete/1/
404 error at 08-07-2015 18:24:00: http://localhost/add/
404 error at 08-07-2015 18:24:00: http://localhost/logout/
404 error at 08-07-2015 18:24:00: http://localhost/add/
404 error at 08-07-2015 18:24:01: http://localhost/tasks/
404 error at 08-07-2015 18:24:01: http://localhost/add/
404 error at 08-07-2015 18:24:02: http://localhost/tasks/
404 error at 08-07-2015 18:24:02: http://localhost/add/
404 error at 08-07-2015 18:24:02: http://localhost/logout/
404 error at 08-07-2015 18:24:02: http://localhost/tasks/
404 error at 08-07-2015 18:24:02: http://localhost/complete/1/
404 error at 08-07-2015 18:24:03: http://localhost/tasks/
404 error at 08-07-2015 18:24:03: http://localhost/add/
404 error at 08-07-2015 18:24:03: http://localhost/logout/
404 error at 08-07-2015 18:24:04: http://localhost/tasks/
404 error at 08-07-2015 18:24:04: http://localhost/delete/1/
404 error at 08-07-2015 18:24:05: http://localhost/add/
404 error at 08-07-2015 18:24:05: http://localhost/logout/
404 error at 08-07-2015 18:24:06: http://localhost/this-route-does-not-exist
404 error at 08-07-2015 18:24:07: http://localhost/register/
404 error at 08-07-2015 18:24:07: http://localhost/register/
404 error at 08-07-2015 18:24:08: http://localhost/register/
404 error at 08-07-2015 18:24:08: http://localhost/register/
404 error at 08-07-2015 18:24:08: http://localhost/register/
404 error at 08-07-2015 18:24:08: http://localhost/logout/
404 error at 08-07-2015 18:24:09: http://localhost/logout/
404 error at 08-07-2015 18:24:10: http://localhost/register/
404 error at 08-07-2015 18:24:10: http://localhost/register/
404 error at 08-07-2015 18:24:10: http://localhost/register/
404 error at 08-07-2015 18:24:10: http://localhost/register/
404 error at 08-07-2015 18:24:10: http://localhost/register/
404 error at 08-07-2015 18:24:10: http://localhost/register/
404 error at 08-07-2015 18:24:10: http://localhost/register/